Using API key: 1db2e94d57694e028a0eece671e78996
You retrieved a puzzle with 21 width x 24 height and ID=af7da47342bd44eea12fbbdb37c0e2fb-14307518701447146
Generating solution
Submitting solution
Took 9.506 seconds
Your solution succeeded with 133 squares, for a score of 153, with a time penalty of 20.
Using API key: 1db2e94d57694e028a0eece671e78996
You retrieved a puzzle with 23 width x 37 height and ID=d4c7760367e5485a80ba3b3b0d50ead1-14307520810823564
Generating solution
Submitting solution
Took 9.617 seconds
Your solution succeeded with 152 squares, for a score of 172, with a time penalty of 20.
Using API key: 1db2e94d57694e028a0eece671e78996
You retrieved a puzzle with 38 width x 25 height and ID=0fe3f9da86554a62aa67e5de7b36ef73-14307521492073818
Generating solution
Submitting solution
Took 10.035 seconds
Your solution succeeded with 80 squares, for a score of 105, with a time penalty of 25.
Using API key: 1db2e94d57694e028a0eece671e78996
You retrieved a puzzle with 26 width x 28 height and ID=3f46e58ba09f42b8b254a5f7878e53d5-14307523023636650
Generating solution
Submitting solution
Took 9.521 seconds
Your solution succeeded with 138 squares, for a score of 158, with a time penalty of 20.
Using API key: 1db2e94d57694e028a0eece671e78996
You retrieved a puzzle with 39 width x 37 height and ID=c34c1bae14714c85900076adc94be9a8-14307523876293598
Generating solution
Submitting solution
Took 9.914 seconds
Your solution succeeded with 195 squares, for a score of 215, with a time penalty of 20.
Using API key: 1db2e94d57694e028a0eece671e78996
You retrieved a puzzle with 33 width x 32 height and ID=3495fb9dc6b14c83a0b2a85301660749-14307551644432849
Generating solution
Submitting solution
Took 9.983 seconds
Your solution succeeded with 111 squares, for a score of 131, with a time penalty of 20.
Using API key: 1db2e94d57694e028a0eece671e78996
You retrieved a puzzle with 32 width x 36 height and ID=c42570536db648d5939316dfa0b06422-14307553297246407
Generating solution
Submitting solution
Took 9.372 seconds
Your solution succeeded with 134 squares, for a score of 154, with a time penalty of 20.
Using API key: 1db2e94d57694e028a0eece671e78996
You retrieved a puzzle with 28 width x 32 height and ID=b27b8e5e04ef4212adcbdaf1a5605998-14307553667246450
Generating solution
Submitting solution
Took 9.501 seconds
Your solution succeeded with 159 squares, for a score of 179, with a time penalty of 20.
Using API key: 1db2e94d57694e028a0eece671e78996
You retrieved a puzzle with 31 width x 39 height and ID=15e4bd2e68644ded8f663f31ae163ed8-14307554810528335
Generating solution
Submitting solution
Took 9.415 seconds
Your solution succeeded with 130 squares, for a score of 150, with a time penalty of 20.
Using API key: 1db2e94d57694e028a0eece671e78996
You retrieved a puzzle with 36 width x 38 height and ID=f369d23bd8eb42ec98e4b557ca7bd633-14307555031778782
Generating solution
Submitting solution
Took 9.896 seconds
Your solution succeeded with 154 squares, for a score of 174, with a time penalty of 20.
Using API key: 1db2e94d57694e028a0eece671e78996
You retrieved a puzzle with 20 width x 26 height and ID=b1def245200d48aaa4f6e82aafc079d5-14307555965372769
Generating solution
Submitting solution
Took 9.427 seconds
Your solution succeeded with 124 squares, for a score of 144, with a time penalty of 20.
Using API key: 1db2e94d57694e028a0eece671e78996
You retrieved a puzzle with 20 width x 35 height and ID=de788db3520d43f683db5dc28d462922-14307556094903923
Generating solution
Submitting solution
Took 9.475 seconds
Your solution succeeded with 142 squares, for a score of 162, with a time penalty of 20.
Using API key: 1db2e94d57694e028a0eece671e78996
You retrieved a puzzle with 21 width x 34 height and ID=93cb81afac8442c1bc1f17a70a0bf1ca-14307556213029019
Generating solution
Submitting solution
Took 9.028 seconds
Your solution succeeded with 81 squares, for a score of 101, with a time penalty of 20.
Using API key: 1db2e94d57694e028a0eece671e78996
You retrieved a puzzle with 21 width x 23 height and ID=f7a7cf1920444ec186ebb4996291a5d5-14307556360998419
Generating solution
Submitting solution
Took 10.067 seconds
Your solution succeeded with 60 squares, for a score of 85, with a time penalty of 25.
Using API key: 1db2e94d57694e028a0eece671e78996
You retrieved a puzzle with 26 width x 32 height and ID=a6aed355d1de44718c7f52153567bc2d-14307556494279257
Generating solution
Submitting solution
Took 10.454 seconds
Your solution succeeded with 151 squares, for a score of 176, with a time penalty of 25.
Using API key: 1db2e94d57694e028a0eece671e78996
You retrieved a puzzle with 27 width x 25 height and ID=a82f1de53aeb4c758af4be757a2e238b-14307556632872775
Generating solution
Submitting solution
Took 10.018 seconds
Your solution succeeded with 99 squares, for a score of 124, with a time penalty of 25.
Using API key: 1db2e94d57694e028a0eece671e78996
You retrieved a puzzle with 28 width x 39 height and ID=43ee870cc90d4c6cb6d9f36dc9a36c65-14307556775372831
Generating solution
Submitting solution
Took 10.350 seconds
Your solution succeeded with 179 squares, for a score of 204, with a time penalty of 25.
Using API key: 1db2e94d57694e028a0eece671e78996
You retrieved a puzzle with 35 width x 31 height and ID=07e5f0cc10a244aaa16637b18034531c-14307556903029277
Generating solution
Submitting solution
Took 10.592 seconds
Your solution succeeded with 165 squares, for a score of 190, with a time penalty of 25.
Using API key: 1db2e94d57694e028a0eece671e78996
You retrieved a puzzle with 29 width x 33 height and ID=669a5f7e061c4a4d97538a09591fc11d-14307557041154667
Generating solution
Submitting solution
Took 10.166 seconds
Your solution succeeded with 130 squares, for a score of 155, with a time penalty of 25.
Using API key: 1db2e94d57694e028a0eece671e78996
You retrieved a puzzle with 27 width x 29 height and ID=730ba3b00a874053bc225474e20f75a8-14307557171154424
Generating solution
Submitting solution
Took 11.052 seconds
Your solution succeeded with 172 squares, for a score of 202, with a time penalty of 30.
